<?xml version="1.0" encoding="UTF-8"?>
<testsuite xmlns:xsi="http://www.w3.org/2001/XMLSchema-instance" xsi:noNamespaceSchemaLocation="https://maven.apache.org/surefire/maven-surefire-plugin/xsd/surefire-test-report.xsd" name="fr.uvsq.cprog.AppTest" time="0.579" tests="41" errors="0" skipped="0" failures="0">
  <properties>
[...]
</properties>
  <testcase name="testDirectoryMap" classname="fr.uvsq.cprog.AppTest" time="0.26"/>
  <testcase name="testMoveToInvalidDirectory" classname="fr.uvsq.cprog.AppTest" time="0"/>
  <testcase name="testGetExtension_FileWithMultipleDots" classname="fr.uvsq.cprog.AppTest" time="0"/>
  <testcase name="testDeleteNoteIfExists" classname="fr.uvsq.cprog.AppTest" time="0.078"/>
  <testcase name="testAfficherPressePapierEmpty" classname="fr.uvsq.cprog.AppTest" time="0"/>
  <testcase name="testGetDirectorySize_EmptyDirectory" classname="fr.uvsq.cprog.AppTest" time="0.016"/>
  <testcase name="testCheckNotesFileFileCreated" classname="fr.uvsq.cprog.AppTest" time="0"/>
  <testcase name="testFindFileExists" classname="fr.uvsq.cprog.AppTest" time="0.043"/>
  <testcase name="testConstructorAndGetters" classname="fr.uvsq.cprog.AppTest" time="0"/>
  <testcase name="testCompareTo" classname="fr.uvsq.cprog.AppTest" time="0.001"/>
  <testcase name="testGetExtension_FileWithoutExtension" classname="fr.uvsq.cprog.AppTest" time="0"/>
  <testcase name="testGetNotesForNonExistingNumber" classname="fr.uvsq.cprog.AppTest" time="0"/>
  <testcase name="testMkdirInvalidUsageTooManyArguments" classname="fr.uvsq.cprog.AppTest" time="0"/>
  <testcase name="testGenerateUniqueElementNumber" classname="fr.uvsq.cprog.AppTest" time="0"/>
  <testcase name="testGetKeyForNonExistingValue" classname="fr.uvsq.cprog.AppTest" time="0.001"/>
  <testcase name="testGetNotesForNumberWithIOException" classname="fr.uvsq.cprog.AppTest" time="0.003"/>
  <testcase name="testAddNoteText" classname="fr.uvsq.cprog.AppTest" time="0.001"/>
  <testcase name="testMoveToValidDirectory" classname="fr.uvsq.cprog.AppTest" time="0.002"/>
  <testcase name="testGetKeyForExistingValue" classname="fr.uvsq.cprog.AppTest" time="0.003"/>
  <testcase name="testCopyCutWithDirectory" classname="fr.uvsq.cprog.AppTest" time="0.003"/>
  <testcase name="testSortNotes" classname="fr.uvsq.cprog.AppTest" time="0.022"/>
  <testcase name="testDirectoryMapNotEmpty" classname="fr.uvsq.cprog.AppTest" time="0.005"/>
  <testcase name="testCheckAndDeleteEmptyNotesFile_NonExistingFile" classname="fr.uvsq.cprog.AppTest" time="0.002"/>
  <testcase name="testWriteNotesToJson" classname="fr.uvsq.cprog.AppTest" time="0.005"/>
  <testcase name="testSetChemin" classname="fr.uvsq.cprog.AppTest" time="0.002"/>
  <testcase name="testMkdirSuccess" classname="fr.uvsq.cprog.AppTest" time="0.003"/>
  <testcase name="testGetDirectorySize_DirectoryWithSubdirectories" classname="fr.uvsq.cprog.AppTest" time="0"/>
  <testcase name="testMkdirInvalidUsage" classname="fr.uvsq.cprog.AppTest" time="0.004"/>
  <testcase name="testGetDirectorySize_DirectoryWithFiles" classname="fr.uvsq.cprog.AppTest" time="0.003"/>
  <testcase name="testCopyCutWithFile" classname="fr.uvsq.cprog.AppTest" time="0.003"/>
  <testcase name="testModifyNoteNumberIncrement" classname="fr.uvsq.cprog.AppTest" time="0.013"/>
  <testcase name="testGetChemin" classname="fr.uvsq.cprog.AppTest" time="0.003"/>
  <testcase name="testSetNumber" classname="fr.uvsq.cprog.AppTest" time="0.001"/>
  <testcase name="testGetExtension_FileWithExtension" classname="fr.uvsq.cprog.AppTest" time="0"/>
  <testcase name="testVisuDirectory" classname="fr.uvsq.cprog.AppTest" time="0.084"/>
  <testcase name="testDisplayCurrentDirWithNotes" classname="fr.uvsq.cprog.AppTest" time="0"/>
  <testcase name="testAddNoteNoteDoesNotExist" classname="fr.uvsq.cprog.AppTest" time="0"/>
  <testcase name="testMoveTo" classname="fr.uvsq.cprog.AppTest" time="0"/>
  <testcase name="testGetNotesForExistingNumber" classname="fr.uvsq.cprog.AppTest" time="0"/>
  <testcase name="testCopyCutWithNonexistentElement" classname="fr.uvsq.cprog.AppTest" time="0"/>
  <testcase name="testGetExtension_HiddenFileWithoutExtension" classname="fr.uvsq.cprog.AppTest" time="0"/>
</testsuite>